[IIU]:Address generation
[IIU]:Instruction prefetch
[IIU]:Instruction fetch
[IIU]:Branch target calculation
[IIU]:Instruction decode
enqueued ADD $g0 1 $l0
[IIU]:Instruction steer
[IIU]:Address generation
[IIU]:Instruction prefetch
[IIU]:Instruction fetch
[IIU]:Branch target calculation
[IIU]:Instruction decode
enqueued ADD $l0 $l0 $o0
[IIU]:Instruction steer
[IIU]:Address generation
[IIU]:Instruction prefetch
[IIU]:Instruction fetch
[IIU]:Branch target calculation
[IIU]:Instruction decode
[IIU]:Instruction steer
[IIU]:Address generation
[IIU]:Instruction prefetch
[IIU]:Instruction fetch
[IIU]:Branch target calculation
[IIU]:Instruction decode
[IIU]:Instruction steer
[IIU]:Address generation
[IIU]:Instruction prefetch
[IIU]:Instruction fetch
